splash/splash/manifest-merger-release-report.txt
-- Merging decision tree log ---
manifest
ADDED from AndroidManifest.xml:2:1
	package
		ADDED from AndroidManifest.xml:3:5
		INJECTED from AndroidManifest.xml:0:0
		INJECTED from AndroidManifest.xml:0:0
	android:versionName
		ADDED from AndroidManifest.xml:5:5
	android:versionCode
		ADDED from AndroidManifest.xml:4:5
		INJECTED from AndroidManifest.xml:0:0
		INJECTED from AndroidManifest.xml:0:0
	xmlns:android
		ADDED from AndroidManifest.xml:2:11
uses-sdk
ADDED from AndroidManifest.xml:7:5
MERGED from splash:barcodeScanner:unspecified:7:5
	android:targetSdkVersion
		ADDED from AndroidManifest.xml:9:9
		INJECTED from AndroidManifest.xml:0:0
		INJECTED from AndroidManifest.xml:0:0
	android:minSdkVersion
		ADDED from AndroidManifest.xml:8:9
		INJECTED from AndroidManifest.xml:0:0
		INJECTED from AndroidManifest.xml:0:0
uses-permission#android.permission.INTERNET
ADDED from AndroidManifest.xml:11:5
	android:name
		ADDED from AndroidManifest.xml:11:22
uses-permission#android.permission.ACCESS_WIFI_STATE
ADDED from AndroidManifest.xml:12:5
	android:name
		ADDED from AndroidManifest.xml:12:22
uses-permission#android.permission.READ_PHONE_STATE
ADDED from AndroidManifest.xml:13:5
	android:name
		ADDED from AndroidManifest.xml:13:22
uses-permission#android.permission.ACCESS_NETWORK_STATE
ADDED from AndroidManifest.xml:14:5
	android:name
		ADDED from AndroidManifest.xml:14:22
uses-permission#android.permission.WRITE_EXTERNAL_STORAGE
ADDED from AndroidManifest.xml:15:5
MERGED from splash:barcodeScanner:unspecified:13:5
	android:name
		ADDED from AndroidManifest.xml:15:22
uses-permission#android.permission.ACCESS_FINE_LOCATION
ADDED from AndroidManifest.xml:16:5
	android:name
		ADDED from AndroidManifest.xml:16:22
uses-permission#android.permission.ACCESS_COARSE_LOCATION
ADDED from AndroidManifest.xml:17:5
	android:name
		ADDED from AndroidManifest.xml:17:22
uses-permission#android.permission.GET_TASKS
ADDED from AndroidManifest.xml:18:5
	android:name
		ADDED from AndroidManifest.xml:18:22
uses-permission#android.permission.RECORD_AUDIO
ADDED from AndroidManifest.xml:19:5
	android:name
		ADDED from AndroidManifest.xml:19:22
application
ADDED from AndroidManifest.xml:21:5
MERGED from splash:barcodeScanner:unspecified:22:5
	android:label
		ADDED from AndroidManifest.xml:24:9
	android:allowBackup
		ADDED from AndroidManifest.xml:22:9
	android:icon
		ADDED from AndroidManifest.xml:23:9
	android:theme
		ADDED from AndroidManifest.xml:26:9
	android:logo
		ADDED from AndroidManifest.xml:25:9
activity#com.victor.vscan.splash
ADDED from AndroidManifest.xml:27:9
	android:label
		ADDED from AndroidManifest.xml:29:13
	android:theme
		ADDED from AndroidManifest.xml:30:13
	android:name
		ADDED from AndroidManifest.xml:28:13
intent-filter#android.intent.action.MAIN+android.intent.category.LAUNCHER
ADDED from AndroidManifest.xml:31:13
action#android.intent.action.MAIN
ADDED from AndroidManifest.xml:32:17
	android:name
		ADDED from AndroidManifest.xml:32:25
category#android.intent.category.LAUNCHER
ADDED from AndroidManifest.xml:33:17
	android:name
		ADDED from AndroidManifest.xml:33:27
activity#com.victor.vscan.MainActivity
ADDED from AndroidManifest.xml:36:9
	android:label
		ADDED from AndroidManifest.xml:38:13
	android:launchMode
		ADDED from AndroidManifest.xml:39:13
	android:name
		ADDED from AndroidManifest.xml:37:13
intent-filter#android.intent.action.VIEW+android.intent.category.BROWSABLE+android.intent.category.DEFAULT
ADDED from AndroidManifest.xml:40:13
action#android.intent.action.VIEW
ADDED from AndroidManifest.xml:41:17
	android:name
		ADDED from AndroidManifest.xml:41:25
category#android.intent.category.DEFAULT
ADDED from AndroidManifest.xml:42:17
	android:name
		ADDED from AndroidManifest.xml:42:27
category#android.intent.category.BROWSABLE
ADDED from AndroidManifest.xml:43:17
	android:name
		ADDED from AndroidManifest.xml:43:27
data
ADDED from AndroidManifest.xml:44:17
	android:host
		ADDED from AndroidManifest.xml:45:21
	android:scheme
		ADDED from AndroidManifest.xml:44:23
	android:pathPrefix
		ADDED from AndroidManifest.xml:46:21
activity#com.victor.vscan.historyActivity
ADDED from AndroidManifest.xml:49:9
	android:label
		ADDED from AndroidManifest.xml:51:13
	android:name
		ADDED from AndroidManifest.xml:50:13
activity#com.victor.vscan.AddActivity
ADDED from AndroidManifest.xml:54:9
	android:label
		ADDED from AndroidManifest.xml:56:13
	android:name
		ADDED from AndroidManifest.xml:55:13
activity#cn.hugo.android.scanner.CaptureActivity
ADDED from AndroidManifest.xml:57:9
MERGED from splash:barcodeScanner:unspecified:26:9
	android:screenOrientation
		ADDED from splash:barcodeScanner:unspecified:29:13
	android:windowSoftInputMode
		ADDED from splash:barcodeScanner:unspecified:31:13
	android:configChanges
		ADDED from splash:barcodeScanner:unspecified:28:13
	android:theme
		ADDED from splash:barcodeScanner:unspecified:30:13
	android:name
		ADDED from AndroidManifest.xml:57:19
activity#com.victor.vscan.FreeActivity
ADDED from AndroidManifest.xml:58:9
	android:label
		ADDED from AndroidManifest.xml:60:13
	android:name
		ADDED from AndroidManifest.xml:59:13
activity#com.victor.vscan.wxapi.WXEntryActivity
ADDED from AndroidManifest.xml:65:9
	android:screenOrientation
		ADDED from AndroidManifest.xml:69:13
	android:exported
		ADDED from AndroidManifest.xml:68:13
	android:configChanges
		ADDED from AndroidManifest.xml:67:13
	android:theme
		ADDED from AndroidManifest.xml:70:13
	android:name
		ADDED from AndroidManifest.xml:66:13
activity#com.tencent.tauth.AuthActivity
ADDED from AndroidManifest.xml:73:9
	android:launchMode
		ADDED from AndroidManifest.xml:75:13
	android:noHistory
		ADDED from AndroidManifest.xml:76:13
	android:name
		ADDED from AndroidManifest.xml:74:13
activity#com.tencent.connect.common.AssistActivity
ADDED from AndroidManifest.xml:86:9
	android:screenOrientation
		ADDED from AndroidManifest.xml:88:13
	android:theme
		ADDED from AndroidManifest.xml:89:13
	android:name
		ADDED from AndroidManifest.xml:87:13
meta-data#UMENG_APPKEY
ADDED from AndroidManifest.xml:91:9
	android:value
		ADDED from AndroidManifest.xml:93:13
	android:name
		ADDED from AndroidManifest.xml:92:13
activity#com.umeng.socialize.view.ShareActivity
ADDED from AndroidManifest.xml:94:9
	android:launchMode
		ADDED from AndroidManifest.xml:97:13
	android:noHistory
		ADDED from AndroidManifest.xml:98:13
	android:windowSoftInputMode
		ADDED from AndroidManifest.xml:100:13
	android:configChanges
		ADDED from AndroidManifest.xml:96:13
	android:theme
		ADDED from AndroidManifest.xml:99:13
	android:name
		ADDED from AndroidManifest.xml:95:13
uses-permission#android.permission.CAMERA
ADDED from splash:barcodeScanner:unspecified:11:5
	android:name
		ADDED from splash:barcodeScanner:unspecified:11:22
uses-feature#android.hardware.camera
ADDED from splash:barcodeScanner:unspecified:16:5
	android:name
		ADDED from splash:barcodeScanner:unspecified:16:19
uses-feature#android.hardware.camera.autofocus
ADDED from splash:barcodeScanner:unspecified:17:5
	android:name
		ADDED from splash:barcodeScanner:unspecified:17:19
uses-permission#android.permission.VIBRATE
ADDED from splash:barcodeScanner:unspecified:19:5
	android:name
		ADDED from splash:barcodeScanner:unspecified:19:22
uses-permission#android.permission.FLASHLIGHT
ADDED from splash:barcodeScanner:unspecified:20:5
	android:name
		ADDED from splash:barcodeScanner:unspecified:20:22
android:uses-permission#android.permission.READ_EXTERNAL_STORAGE
IMPLIED from AndroidManifest.xml:2:1 reason: cn.hugo.android.scanner requested WRITE_EXTERNAL_STORAGE